C51 COMPILER V9.60.0.0   LAB2_BUTTON_MAIN                                                  05/16/2023 10:25:51 PAGE 1   


C51 COMPILER V9.60.0.0, COMPILATION OF MODULE LAB2_BUTTON_MAIN
OBJECT MODULE PLACED IN .\src\lab2_button_main.OBJ
COMPILER INVOKED BY: C:\SiliconLabs\SimplicityStudio\v5\developer\toolchains\keil_8051\9.60\BIN\C51.exe C:\Users\User\Si
                    -mplicityStudio\v5_workspace\lab2_button\src\lab2_button_main.c OMF2 SMALL DEBUG OBJECTEXTEND ROM(LARGE) WARNINGLEVEL(2) 
                    -FLOATFUZZY(3) OPTIMIZE(8,SPEED) DEFINE(DEBUG=1) INTVECTOR(0X0000) INTPROMOTE INCDIR(C:\Users\User\SimplicityStudio\v5_wo
                    -rkspace\lab2_button\inc;C:/SiliconLabs/SimplicityStudio/v5/developer/sdks/8051/v4.2.5//Device/shared/si8051Base;C:/Silic
                    -onLabs/SimplicityStudio/v5/developer/sdks/8051/v4.2.5//Device/EFM8BB52/inc) PRINT(.\src\lab2_button_main.lst) COND PAGEW
                    -IDTH(120) PAGELENGTH(65) OBJECT(.\src\lab2_button_main.OBJ)

line level    source

   1          //=========================================================
   2          // src/lab2_button_main.c: generated by Hardware Configurator
   3          //
   4          // This file will be updated when saving a document.
   5          // leave the sections inside the "$[...]" comment tags alone
   6          // or they will be overwritten!!
   7          //=========================================================
   8          
   9          //-----------------------------------------------------------------------------
  10          // Includes
  11          //-----------------------------------------------------------------------------
  12          #include <SI_EFM8BB52_Register_Enums.h>                  // SFR declarations
  13          #include "InitDevice.h"
  14          // $[Generated Includes]
  15          // [Generated Includes]$
  16          
  17          sbit led = P0^4;
  18          sbit button = P0^3;
  19          //-----------------------------------------------------------------------------
  20          // SiLabs_Startup() Routine
  21          // ----------------------------------------------------------------------------
  22          // This function is called immediately after reset, before the initialization
  23          // code is run in SILABS_STARTUP.A51 (which runs before main() ). This is a
  24          // useful place to disable the watchdog timer, which is enable by default
  25          // and may trigger before main() in some instances.
  26          //-----------------------------------------------------------------------------
  27          void
  28          SiLabs_Startup (void)
  29          {
  30   1        // $[SiLabs Startup]
  31   1        // [SiLabs Startup]$
  32   1      }
  33          
  34          void disable_watchdog(){
  35   1        WDTCN = 0xDE;
  36   1        WDTCN = 0XAD;
  37   1      }
  38          
  39          void enable_interrupt(){
  40   1        IE_EA = 1;
  41   1        IE_EX0 = 1;
  42   1      
  43   1      }
  44          void detect_rising_edge(){
  45   1        TCON_IT0 = 1;
  46   1        IT01CF |= IT01CF_IN0PL__ACTIVE_HIGH | IT01CF_IN0SL__P0_3;
  47   1      }
  48          
  49          void detect_falling_edge(){
  50   1        TCON_IT0 = 1;
  51   1        IT01CF |= IT01CF_IN0SL__P0_3;
C51 COMPILER V9.60.0.0   LAB2_BUTTON_MAIN                                                  05/16/2023 10:25:51 PAGE 2   

  52   1      }
  53          SI_INTERRUPT(INT0_ISR, INT0_IRQn){
  54   1         led = ~led;
  55   1      }
  56          //-----------------------------------------------------------------------------
  57          // main() Routine
  58          // ----------------------------------------------------------------------------
  59          int
  60          main (void)
  61          {
  62   1        // Call hardware initialization routine
  63   1        enter_DefaultMode_from_RESET ();
  64   1        disable_watchdog();
  65   1        XBR2 |= XBR2_XBARE__ENABLED;
  66   1        P0MDIN |= P0MDIN_B3__DIGITAL | P0MDIN_B4__DIGITAL;
  67   1        P0MDOUT |= P0MDOUT_B4__PUSH_PULL;
  68   1      
  69   1        enable_interrupt();
  70   1        detect_rising_edge();
  71   1        while (1)
  72   1          {
  73   2      // $[Generated Run-time code]
  74   2      // [Generated Run-time code]$
  75   2          }
  76   1      }


MODULE INFORMATION:   STATIC OVERLAYABLE
   CODE SIZE        =     54    ----
   CONSTANT SIZE    =   ----    ----
   XDATA SIZE       =   ----    ----
   PDATA SIZE       =   ----    ----
   DATA SIZE        =   ----    ----
   IDATA SIZE       =   ----    ----
   BIT SIZE         =   ----    ----
   EDATA SIZE       =   ----    ----
   HDATA SIZE       =   ----    ----
   XDATA CONST SIZE =   ----    ----
   FAR CONST SIZE   =   ----    ----
END OF MODULE INFORMATION.


C51 COMPILATION COMPLETE.  0 WARNING(S),  0 ERROR(S)
