C51 COMPILER V9.60.0.0   INITDEVICE                                                        05/16/2023 13:47:02 PAGE 1   


C51 COMPILER V9.60.0.0, COMPILATION OF MODULE INITDEVICE
OBJECT MODULE PLACED IN .\src\InitDevice.OBJ
COMPILER INVOKED BY: C:\SiliconLabs\SimplicityStudio\v5\developer\toolchains\keil_8051\9.60\BIN\C51.exe C:\Users\User\Si
                    -mplicityStudio\v5_workspace\lab3_timer0\src\InitDevice.c OMF2 SMALL DEBUG OBJECTEXTEND ROM(LARGE) WARNINGLEVEL(2) FLOATF
                    -UZZY(3) OPTIMIZE(8,SPEED) DEFINE(DEBUG=1) INTVECTOR(0X0000) INTPROMOTE INCDIR(C:\Users\User\SimplicityStudio\v5_workspac
                    -e\lab3_timer0\inc;C:/SiliconLabs/SimplicityStudio/v5/developer/sdks/8051/v4.2.5//Device/shared/si8051Base;C:/SiliconLabs
                    -/SimplicityStudio/v5/developer/sdks/8051/v4.2.5//Device/EFM8BB52/inc) PRINT(.\src\InitDevice.lst) COND PAGEWIDTH(120) PA
                    -GELENGTH(65) OBJECT(.\src\InitDevice.OBJ)

line level    source

   1          //=========================================================
   2          // src/InitDevice.c: generated by Hardware Configurator
   3          //
   4          // This file will be regenerated when saving a document.
   5          // leave the sections inside the "$[...]" comment tags alone
   6          // or they will be overwritten!!
   7          //=========================================================
   8          
   9          // USER INCLUDES
  10          #include <SI_EFM8BB52_Register_Enums.h>
  11          #include "InitDevice.h"
  12          
  13          // USER PROTOTYPES
  14          // USER FUNCTIONS
  15          
  16          // $[Library Includes]
  17          // [Library Includes]$
  18          
  19          //==============================================================================
  20          // enter_DefaultMode_from_RESET
  21          //==============================================================================
  22          extern void
  23          enter_DefaultMode_from_RESET (void)
  24          {
  25   1        // $[Config Calls]
  26   1        // Save the SFRPAGE
  27   1        uint8_t SFRPAGE_save = SFRPAGE;
  28   1        WDT_0_enter_DefaultMode_from_RESET ();
  29   1        PBCFG_0_enter_DefaultMode_from_RESET ();
  30   1        // Restore the SFRPAGE
  31   1        SFRPAGE = SFRPAGE_save;
  32   1        // [Config Calls]$
  33   1      
  34   1      }
  35          
  36          extern void
  37          WDT_0_enter_DefaultMode_from_RESET (void)
  38          {
  39   1        // $[Watchdog Timer Init Variable Declarations]
  40   1        uint32_t i;
  41   1        bool ea;
  42   1        // [Watchdog Timer Init Variable Declarations]$
  43   1      
  44   1        // $[WDTCN - Watchdog Timer Control]
  45   1        SFRPAGE = 0x00;
  46   1      
  47   1        // Feed WDT timer before disabling (Erratum WDT_E102)
  48   1        WDTCN = 0xA5;
  49   1      
  50   1        // Add 2 LFO cycle delay before disabling WDT (Erratum WDT_E102)
  51   1        for (i = 0; i < (2 * 3062500UL) / (80000 * 3); i++)
C51 COMPILER V9.60.0.0   INITDEVICE                                                        05/16/2023 13:47:02 PAGE 2   

  52   1          {
  53   2            NOP ();
  54   2          }
  55   1      
  56   1        // Disable WDT
  57   1        ea = IE_EA;
  58   1        IE_EA = 0;
  59   1        WDTCN = 0xDE;
  60   1        WDTCN = 0xAD;
  61   1        IE_EA = ea;
  62   1      
  63   1        // [WDTCN - Watchdog Timer Control]$
  64   1      
  65   1      }
  66          
  67          extern void
  68          PBCFG_0_enter_DefaultMode_from_RESET (void)
  69          {
  70   1        // $[XBR2 - Port I/O Crossbar 2]
  71   1        /***********************************************************************
  72   1         - Weak Pullups enabled 
  73   1         - Crossbar enabled
  74   1         - PWM single ended output for all enabled channels
  75   1         - UART1 I/O unavailable at Port pin
  76   1         - UART1 RTS1 unavailable at Port pin
  77   1         - UART1 CTS1 unavailable at Port pin
  78   1         - PWM I/O unavailable at Port pin
  79   1         ***********************************************************************/
  80   1        XBR2 = XBR2_WEAKPUD__PULL_UPS_ENABLED | XBR2_XBARE__ENABLED
  81   1            | XBR2_PWMDE__SINGLE | XBR2_URT1E__DISABLED | XBR2_URT1RTSE__DISABLED
  82   1            | XBR2_URT1CTSE__DISABLED | XBR2_PWME__DISABLED;
  83   1        // [XBR2 - Port I/O Crossbar 2]$
  84   1      
  85   1        // $[PRTDRV - Port Drive Strength]
  86   1        // [PRTDRV - Port Drive Strength]$
  87   1      
  88   1        // $[XBR0 - Port I/O Crossbar 0]
  89   1        // [XBR0 - Port I/O Crossbar 0]$
  90   1      
  91   1        // $[XBR1 - Port I/O Crossbar 1]
  92   1        // [XBR1 - Port I/O Crossbar 1]$
  93   1      
  94   1      }
  95          


MODULE INFORMATION:   STATIC OVERLAYABLE
   CODE SIZE        =     92    ----
   CONSTANT SIZE    =   ----    ----
   XDATA SIZE       =   ----    ----
   PDATA SIZE       =   ----    ----
   DATA SIZE        =   ----       5
   IDATA SIZE       =   ----    ----
   BIT SIZE         =   ----       1
   EDATA SIZE       =   ----    ----
   HDATA SIZE       =   ----    ----
   XDATA CONST SIZE =   ----    ----
   FAR CONST SIZE   =   ----    ----
END OF MODULE INFORMATION.


C51 COMPILATION COMPLETE.  0 WARNING(S),  0 ERROR(S)
