C51 COMPILER V9.60.0.0   LAB1_LED                                                          05/15/2023 18:11:05 PAGE 1   


C51 COMPILER V9.60.0.0, COMPILATION OF MODULE LAB1_LED
OBJECT MODULE PLACED IN .\src\lab1_led.OBJ
COMPILER INVOKED BY: C:\SiliconLabs\SimplicityStudio\v5\developer\toolchains\keil_8051\9.60\BIN\C51.exe C:\Users\User\Si
                    -mplicityStudio\v5_workspace\lab1_led\src\lab1_led.c OMF2 SMALL DEBUG OBJECTEXTEND ROM(LARGE) WARNINGLEVEL(2) FLOATFUZZY(
                    -3) OPTIMIZE(8,SPEED) DEFINE(DEBUG=1) INTVECTOR(0X0000) INTPROMOTE INCDIR(C:\Users\User\SimplicityStudio\v5_workspace\lab
                    -1_led\inc;C:/SiliconLabs/SimplicityStudio/v5/developer/sdks/8051/v4.2.5//Device/shared/si8051Base;C:/SiliconLabs/Simplic
                    -ityStudio/v5/developer/sdks/8051/v4.2.5//Device/EFM8BB52/inc;C:/SiliconLabs/SimplicityStudio/v5/developer/sdks/8051/v4.2
                    -.5//kits/common/drivers/efm8_retargetserial) PRINT(.\src\lab1_led.lst) COND PAGEWIDTH(120) PAGELENGTH(65) OBJECT(.\src\l
                    -ab1_led.OBJ)

line level    source

   1          //=========================================================
   2          // src/hello_8051_main.c: generated by Hardware Configurator
   3          //
   4          // This file will be updated when saving a document.
   5          // leave the sections inside the "$[...]" comment tags alone
   6          // or they will be overwritten!!
   7          //=========================================================
   8          
   9          //-----------------------------------------------------------------------------
  10          // Includes
  11          //-----------------------------------------------------------------------------
  12          #include <SI_EFM8BB52_Register_Enums.h>                  // SFR declarations
  13          #include "InitDevice.h"
  14          #include "retargetserial.h"
  15          // $[Generated Includes]
  16          // [Generated Includes]$
  17          
  18          //-----------------------------------------------------------------------------
  19          // SiLabs_Startup() Routine
  20          // ----------------------------------------------------------------------------
  21          // This function is called immediately after reset, before the initialization
  22          // code is run in SILABS_STARTUP.A51 (which runs before main() ). This is a
  23          // useful place to disable the watchdog timer, which is enable by default
  24          // and may trigger before main() in some instances.
  25          //-----------------------------------------------------------------------------
  26          void
  27          SiLabs_Startup (void)
  28          {
  29   1        // $[SiLabs Startup]
  30   1        // [SiLabs Startup]$
  31   1      }
  32          void delay(){
  33   1        uint32_t i = 1;
  34   1        for ( i = 1; i<=400000; i++){
  35   2      
  36   2        }
  37   1      
  38   1      }
  39          //-----------------------------------------------------------------------------
  40          // main() Routine
  41          // ----------------------------------------------------------------------------
  42          int
  43          main (void)
  44          {
  45   1        // Call hardware initialization routine
  46   1        enter_DefaultMode_from_RESET ();
  47   1      
  48   1        XBR2 |= XBR2_XBARE__ENABLED;
  49   1        P1MDIN |= P1MDIN_B0__DIGITAL;
  50   1        P1MDOUT |= P1MDOUT_B0__PUSH_PULL;
C51 COMPILER V9.60.0.0   LAB1_LED                                                          05/15/2023 18:11:05 PAGE 2   

  51   1        while (1)
  52   1          {
  53   2            P1_B0 = 1;
  54   2            delay();
  55   2            P1_B0 = 0;
  56   2            delay();
  57   2      // $[Generated Run-time code]
  58   2      // [Generated Run-time code]$
  59   2          }
  60   1      }


MODULE INFORMATION:   STATIC OVERLAYABLE
   CODE SIZE        =     90    ----
   CONSTANT SIZE    =   ----    ----
   XDATA SIZE       =   ----    ----
   PDATA SIZE       =   ----    ----
   DATA SIZE        =   ----       4
   IDATA SIZE       =   ----    ----
   BIT SIZE         =   ----    ----
   EDATA SIZE       =   ----    ----
   HDATA SIZE       =   ----    ----
   XDATA CONST SIZE =   ----    ----
   FAR CONST SIZE   =   ----    ----
END OF MODULE INFORMATION.


C51 COMPILATION COMPLETE.  0 WARNING(S),  0 ERROR(S)
