C51 COMPILER V9.60.0.0   LAB4_TIMER2_MAIN                                                  05/18/2023 07:24:09 PAGE 1   


C51 COMPILER V9.60.0.0, COMPILATION OF MODULE LAB4_TIMER2_MAIN
OBJECT MODULE PLACED IN .\src\lab4_timer2_main.OBJ
COMPILER INVOKED BY: C:\SiliconLabs\SimplicityStudio\v5\developer\toolchains\keil_8051\9.60\BIN\C51.exe C:\Users\User\Si
                    -mplicityStudio\v5_workspace\lab4_timer2\src\lab4_timer2_main.c OMF2 SMALL DEBUG OBJECTEXTEND ROM(LARGE) WARNINGLEVEL(2) 
                    -FLOATFUZZY(3) OPTIMIZE(8,SPEED) DEFINE(DEBUG=1) INTVECTOR(0X0000) INTPROMOTE INCDIR(C:\Users\User\SimplicityStudio\v5_wo
                    -rkspace\lab4_timer2\inc;C:/SiliconLabs/SimplicityStudio/v5/developer/sdks/8051/v4.2.5//Device/shared/si8051Base;C:/Silic
                    -onLabs/SimplicityStudio/v5/developer/sdks/8051/v4.2.5//Device/EFM8BB52/inc) PRINT(.\src\lab4_timer2_main.lst) COND PAGEW
                    -IDTH(120) PAGELENGTH(65) OBJECT(.\src\lab4_timer2_main.OBJ)

line level    source

   1          //=========================================================
   2          // src/lab4_timer2_main.c: generated by Hardware Configurator
   3          //
   4          // This file will be updated when saving a document.
   5          // leave the sections inside the "$[...]" comment tags alone
   6          // or they will be overwritten!!
   7          //=========================================================
   8          
   9          //-----------------------------------------------------------------------------
  10          // Includes
  11          //-----------------------------------------------------------------------------
  12          #include <SI_EFM8BB52_Register_Enums.h>                  // SFR declarations
  13          #include "InitDevice.h"
  14          // $[Generated Includes]
  15          // [Generated Includes]$
  16          sbit led = P1^3;
  17          //-----------------------------------------------------------------------------
  18          // SiLabs_Startup() Routine
  19          // ----------------------------------------------------------------------------
  20          // This function is called immediately after reset, before the initialization
  21          // code is run in SILABS_STARTUP.A51 (which runs before main() ). This is a
  22          // useful place to disable the watchdog timer, which is enable by default
  23          // and may trigger before main() in some instances.
  24          //-----------------------------------------------------------------------------
  25          void
  26          SiLabs_Startup (void)
  27          {
  28   1        // $[SiLabs Startup]
  29   1        // [SiLabs Startup]$
  30   1      }
  31          
  32          void
  33          disable_watchdog(){
  34   1        WDTCN = 0xAD;
  35   1        WDTCN = 0xDE;
  36   1      }
  37          void crossbar_enable(){
  38   1        XBR2 = XBR2_XBARE__ENABLED;
  39   1        P1MDIN = P1MDIN_B3__DIGITAL;
  40   1        P1MDOUT = P1MDOUT_B3__PUSH_PULL;
  41   1      }
  42          
  43          void clock_select(){
  44   1        CLKSEL = CLKSEL_CLKSL__HFOSC0_clk24p5 | CLKSEL_CLKDIV__SYSCLK_DIV_8; // clksel= 30625000
  45   1        TMR2CN0 |= TMR2CN0_T2XCLK__SYSCLK_DIV_12;
  46   1      }
  47          
  48          SI_INTERRUPT(TIMER2_ISR, TIMER2_IRQn){
  49   1        TMR2CN0_TF2H = 0;
  50   1        led = ~led;
  51   1      }
C51 COMPILER V9.60.0.0   LAB4_TIMER2_MAIN                                                  05/18/2023 07:24:09 PAGE 2   

  52          void timer2_16bit(){
  53   1        IE_EA = 1;
  54   1        IE_ET2 = 1;
  55   1        TMR2RLL = 0x4F;
  56   1        TMR2RLH = 0x9C;
  57   1        TMR2CN0_TR2 = 1;
  58   1      
  59   1      }
  60          //-----------------------------------------------------------------------------
  61          // main() Routine
  62          // ----------------------------------------------------------------------------
  63          int
  64          main (void)
  65          {
  66   1        // Call hardware initialization routine
  67   1        enter_DefaultMode_from_RESET ();
  68   1        disable_watchdog();
  69   1        crossbar_enable();
  70   1        clock_select();
  71   1        timer2_16bit();
  72   1        while (1)
  73   1          {
  74   2      // $[Generated Run-time code]
  75   2      // [Generated Run-time code]$
  76   2          }
  77   1      }


MODULE INFORMATION:   STATIC OVERLAYABLE
   CODE SIZE        =     60    ----
   CONSTANT SIZE    =   ----    ----
   XDATA SIZE       =   ----    ----
   PDATA SIZE       =   ----    ----
   DATA SIZE        =   ----    ----
   IDATA SIZE       =   ----    ----
   BIT SIZE         =   ----    ----
   EDATA SIZE       =   ----    ----
   HDATA SIZE       =   ----    ----
   XDATA CONST SIZE =   ----    ----
   FAR CONST SIZE   =   ----    ----
END OF MODULE INFORMATION.


C51 COMPILATION COMPLETE.  0 WARNING(S),  0 ERROR(S)
