C51 COMPILER V9.60.0.0   LAB1_BUTTON_MAIN                                                  05/15/2023 19:23:26 PAGE 1   


C51 COMPILER V9.60.0.0, COMPILATION OF MODULE LAB1_BUTTON_MAIN
OBJECT MODULE PLACED IN .\src\lab1_button_main.OBJ
COMPILER INVOKED BY: C:\SiliconLabs\SimplicityStudio\v5\developer\toolchains\keil_8051\9.60\BIN\C51.exe C:\Users\User\Si
                    -mplicityStudio\v5_workspace\lab1_button\src\lab1_button_main.c OMF2 SMALL DEBUG OBJECTEXTEND ROM(LARGE) WARNINGLEVEL(2) 
                    -FLOATFUZZY(3) OPTIMIZE(8,SPEED) DEFINE(DEBUG=1) INTVECTOR(0X0000) INTPROMOTE INCDIR(C:\Users\User\SimplicityStudio\v5_wo
                    -rkspace\lab1_button\inc;C:/SiliconLabs/SimplicityStudio/v5/developer/sdks/8051/v4.2.5//Device/shared/si8051Base;C:/Silic
                    -onLabs/SimplicityStudio/v5/developer/sdks/8051/v4.2.5//Device/EFM8BB52/inc) PRINT(.\src\lab1_button_main.lst) COND PAGEW
                    -IDTH(120) PAGELENGTH(65) OBJECT(.\src\lab1_button_main.OBJ)

line level    source

   1          //=========================================================
   2          // src/lab1_button_main.c: generated by Hardware Configurator
   3          //
   4          // This file will be updated when saving a document.
   5          // leave the sections inside the "$[...]" comment tags alone
   6          // or they will be overwritten!!
   7          //=========================================================
   8          
   9          //-----------------------------------------------------------------------------
  10          // Includes
  11          //-----------------------------------------------------------------------------
  12          #include <SI_EFM8BB52_Register_Enums.h>                  // SFR declarations
  13          #include "InitDevice.h"
  14          // $[Generated Includes]
  15          // [Generated Includes]$
  16          
  17          sbit led = P1^3;
  18          sbit button = P1^4;
  19          //-----------------------------------------------------------------------------
  20          // SiLabs_Startup() Routine
  21          // ----------------------------------------------------------------------------
  22          // This function is called immediately after reset, before the initialization
  23          // code is run in SILABS_STARTUP.A51 (which runs before main() ). This is a
  24          // useful place to disable the watchdog timer, which is enable by default
  25          // and may trigger before main() in some instances.
  26          //-----------------------------------------------------------------------------
  27          void
  28          SiLabs_Startup (void)
  29          {
  30   1        // $[SiLabs Startup]
  31   1        // [SiLabs Startup]$
  32   1      }
  33          
  34          //-----------------------------------------------------------------------------
  35          // main() Routine
  36          // ----------------------------------------------------------------------------
  37          int
  38          main (void)
  39          {
  40   1        // Call hardware initialization routine
  41   1        enter_DefaultMode_from_RESET ();
  42   1        WDTCN = 0xAD;
  43   1        WDTCN = 0xDE;
  44   1      
  45   1        XBR2 |= XBR2_XBARE__ENABLED;
  46   1        P1MDIN |= P1MDIN_B3__DIGITAL | P1MDIN_B4__DIGITAL;
  47   1        P1MDOUT |= P1MDOUT_B3__PUSH_PULL;
  48   1      
  49   1        while (1)
  50   1          {
  51   2            if (button == 0 ){
C51 COMPILER V9.60.0.0   LAB1_BUTTON_MAIN                                                  05/15/2023 19:23:26 PAGE 2   

  52   3                led = 1;
  53   3            }else{
  54   3                led  = 0;
  55   3            }
  56   2      // $[Generated Run-time code]
  57   2      // [Generated Run-time code]$
  58   2          }
  59   1      }


MODULE INFORMATION:   STATIC OVERLAYABLE
   CODE SIZE        =     30    ----
   CONSTANT SIZE    =   ----    ----
   XDATA SIZE       =   ----    ----
   PDATA SIZE       =   ----    ----
   DATA SIZE        =   ----    ----
   IDATA SIZE       =   ----    ----
   BIT SIZE         =   ----    ----
   EDATA SIZE       =   ----    ----
   HDATA SIZE       =   ----    ----
   XDATA CONST SIZE =   ----    ----
   FAR CONST SIZE   =   ----    ----
END OF MODULE INFORMATION.


C51 COMPILATION COMPLETE.  0 WARNING(S),  0 ERROR(S)
