C51 COMPILER V9.60.0.0   HELLO_8051_MAIN                                                   05/15/2023 07:18:21 PAGE 1   


C51 COMPILER V9.60.0.0, COMPILATION OF MODULE HELLO_8051_MAIN
OBJECT MODULE PLACED IN .\src\hello_8051_main.OBJ
COMPILER INVOKED BY: C:\SiliconLabs\SimplicityStudio\v5\developer\toolchains\keil_8051\9.60\BIN\C51.exe C:\Users\User\Si
                    -mplicityStudio\v5_workspace\hello_8051\src\hello_8051_main.c OMF2 SMALL DEBUG OBJECTEXTEND ROM(LARGE) WARNINGLEVEL(2) FL
                    -OATFUZZY(3) OPTIMIZE(8,SPEED) DEFINE(DEBUG=1) INTVECTOR(0X0000) INTPROMOTE INCDIR(C:\Users\User\SimplicityStudio\v5_work
                    -space\hello_8051\inc;C:/SiliconLabs/SimplicityStudio/v5/developer/sdks/8051/v4.2.5//Device/shared/si8051Base;C:/SiliconL
                    -abs/SimplicityStudio/v5/developer/sdks/8051/v4.2.5//Device/EFM8BB52/inc;C:/SiliconLabs/SimplicityStudio/v5/developer/sdk
                    -s/8051/v4.2.5//kits/common/drivers/efm8_retargetserial) PRINT(.\src\hello_8051_main.lst) COND PAGEWIDTH(120) PAGELENGTH(
                    -65) OBJECT(.\src\hello_8051_main.OBJ)

line level    source

   1          //=========================================================
   2          // src/hello_8051_main.c: generated by Hardware Configurator
   3          //
   4          // This file will be updated when saving a document.
   5          // leave the sections inside the "$[...]" comment tags alone
   6          // or they will be overwritten!!
   7          //=========================================================
   8          
   9          //-----------------------------------------------------------------------------
  10          // Includes
  11          //-----------------------------------------------------------------------------
  12          #include <SI_EFM8BB52_Register_Enums.h>                  // SFR declarations
  13          #include "InitDevice.h"
  14          #include "retargetserial.h"
  15          // $[Generated Includes]
  16          // [Generated Includes]$
  17          
  18          //-----------------------------------------------------------------------------
  19          // SiLabs_Startup() Routine
  20          // ----------------------------------------------------------------------------
  21          // This function is called immediately after reset, before the initialization
  22          // code is run in SILABS_STARTUP.A51 (which runs before main() ). This is a
  23          // useful place to disable the watchdog timer, which is enable by default
  24          // and may trigger before main() in some instances.
  25          //-----------------------------------------------------------------------------
  26          void
  27          SiLabs_Startup (void)
  28          {
  29   1        // $[SiLabs Startup]
  30   1        // [SiLabs Startup]$
  31   1      }
  32          
  33          //-----------------------------------------------------------------------------
  34          // main() Routine
  35          // ----------------------------------------------------------------------------
  36          int
  37          main (void)
  38          {
  39   1        // Call hardware initialization routine
  40   1        enter_DefaultMode_from_RESET ();
  41   1        SCON0_TI = 1;
  42   1      
  43   1        RETARGET_PRINTF("Hello 8051\n");
  44   1        while (1)
  45   1          {
  46   2      // $[Generated Run-time code]
  47   2      // [Generated Run-time code]$
  48   2          }
  49   1      }

C51 COMPILER V9.60.0.0   HELLO_8051_MAIN                                                   05/15/2023 07:18:21 PAGE 2   


MODULE INFORMATION:   STATIC OVERLAYABLE
   CODE SIZE        =     17    ----
   CONSTANT SIZE    =     12    ----
   XDATA SIZE       =   ----    ----
   PDATA SIZE       =   ----    ----
   DATA SIZE        =   ----    ----
   IDATA SIZE       =   ----    ----
   BIT SIZE         =   ----    ----
   EDATA SIZE       =   ----    ----
   HDATA SIZE       =   ----    ----
   XDATA CONST SIZE =   ----    ----
   FAR CONST SIZE   =   ----    ----
END OF MODULE INFORMATION.


C51 COMPILATION COMPLETE.  0 WARNING(S),  0 ERROR(S)
